<?xml version="1.0" encoding="UTF-8"?>
<TestRun id="a6d15c1d-6a78-4ec8-99fe-5d265a225d55" name="yasio@YASIO-PC 2011-04-14 05:01:01" runUser="yasio-PC\yasio" xmlns="http://microsoft.com/schemas/VisualStudio/TeamTest/2010">
  <TestSettings name="Local" id="558906b2-559f-4748-b406-7690e083dfaf">
    <Description>These are default test settings for a local test run.</Description>
    <Deployment enabled="false" runDeploymentRoot="yasio_YASIO-PC 2011-04-14 05_01_01">
      <DeploymentItem filename="C:\Users\yasio\Desktop\Taxi\trunk\Taxi\BLL\bin\Debug\BLL.dll" />
      <DeploymentItem filename="C:\Users\yasio\Desktop\Taxi\trunk\Taxi\DAL\bin\Debug\DAL.dll" />
    </Deployment>
    <Execution>
      <TestTypeSpecific>
        <UnitTestRunConfig testTypeId="13cdc9d9-ddb5-4fa4-a97d-d965ccfc6d4b">
          <AssemblyResolution>
            <TestDirectory useLoadContext="true" />
          </AssemblyResolution>
        </UnitTestRunConfig>
        <WebTestRunConfiguration testTypeId="4e7599fa-5ecb-43e9-a887-cd63cf72d207">
          <Browser name="Chrome 2" MaxConnections="6">
            <Headers>
              <Header name="User-Agent" value="Mozilla/5.0 (Windows; U; Windows NT 5.1;) AppleWebKit/530.1 (KHTML, like Gecko) Chrome/2.0.169.1 Safari/530.1" />
              <Header name="Accept" value="*/*" />
              <Header name="Accept-Language" value="{{$IEAcceptLanguage}}" />
              <Header name="Accept-Encoding" value="gzip,deflate" />
              <Header name="Accept-Charset" value="ISO-8859-1,*,utf-8" />
            </Headers>
          </Browser>
        </WebTestRunConfiguration>
      </TestTypeSpecific>
      <AgentRule name="LocalMachineDefaultRole">
      </AgentRule>
    </Execution>
  </TestSettings>
  <Times creation="2011-04-14T05:01:01.0588216+02:00" queuing="2011-04-14T05:01:01.3388376+02:00" start="2011-04-14T05:01:01.3968409+02:00" finish="2011-04-14T05:01:03.9749884+02:00" />
  <ResultSummary outcome="Failed">
    <Counters total="1" executed="1" error="0" failed="1" timeout="0" aborted="0" inconclusive="0" passedButRunAborted="0" notRunnable="0" notExecuted="0" disconnected="0" warning="0" passed="0" completed="0" inProgress="0" pending="0" />
  </ResultSummary>
  <TestDefinitions>
    <UnitTest name="TestMethodAuthUser" storage="c:\users\yasio\desktop\taxi\trunk\taxi\testproject\bin\debug\testproject.dll" id="3f6ebfc3-e86f-9c0f-e57f-0a943abd7a5a">
      <Execution id="f72f8cbd-a82f-4450-a7cb-70e8b9fe0526" />
      <TestMethod codeBase="C:/Users/yasio/Desktop/Taxi/trunk/Taxi/TestProject/bin/Debug/TestProject.DLL" adapterTypeName="Microsoft.VisualStudio.TestTools.TestTypes.Unit.UnitTestAdapter, Microsoft.VisualStudio.QualityTools.Tips.UnitTest.Adapter, Version=10.0.0.0, Culture=neutral, PublicKeyToken=b03f5f7f11d50a3a" className="TestProject.UnitTest, TestProject, Version=1.0.0.0, Culture=neutral, PublicKeyToken=null" name="TestMethodAuthUser" />
    </UnitTest>
  </TestDefinitions>
  <TestLists>
    <TestList name="Results Not in a List" id="8c84fa94-04c1-424b-9868-57a2d4851a1d" />
    <TestList name="All Loaded Results" id="19431567-8539-422a-85d7-44ee4e166bda" />
  </TestLists>
  <TestEntries>
    <TestEntry testId="3f6ebfc3-e86f-9c0f-e57f-0a943abd7a5a" executionId="f72f8cbd-a82f-4450-a7cb-70e8b9fe0526" testListId="8c84fa94-04c1-424b-9868-57a2d4851a1d" />
  </TestEntries>
  <Results>
    <UnitTestResult executionId="f72f8cbd-a82f-4450-a7cb-70e8b9fe0526" testId="3f6ebfc3-e86f-9c0f-e57f-0a943abd7a5a" testName="TestMethodAuthUser" computerName="YASIO-PC" duration="00:00:00.6107917" startTime="2011-04-14T05:01:01.4248425+02:00" endTime="2011-04-14T05:01:02.4188994+02:00" testType="13cdc9d9-ddb5-4fa4-a97d-d965ccfc6d4b" outcome="Failed" testListId="8c84fa94-04c1-424b-9868-57a2d4851a1d" relativeResultsDirectory="f72f8cbd-a82f-4450-a7cb-70e8b9fe0526">
      <Output>
        <ErrorInfo>
          <Message>Assert.IsTrue failed. </Message>
          <StackTrace>   at TestProject.UnitTest.TestMethodAuthUser() in C:\Users\yasio\Desktop\Taxi\trunk\Taxi\TestProject\UnitTest.cs:line 41
</StackTrace>
        </ErrorInfo>
      </Output>
    </UnitTestResult>
  </Results>
</TestRun>