<?xml version="1.0" encoding="UTF-8"?>
<TestRun id="f6f46a69-141a-459a-92b0-7a25fe066013" name="yasio@YASIO-PC 2011-04-14 04:58:54" runUser="yasio-PC\yasio" xmlns="http://microsoft.com/schemas/VisualStudio/TeamTest/2010">
  <TestSettings name="Local" id="558906b2-559f-4748-b406-7690e083dfaf">
    <Description>These are default test settings for a local test run.</Description>
    <Deployment enabled="false" runDeploymentRoot="yasio_YASIO-PC 2011-04-14 04_58_54">
      <DeploymentItem filename="C:\Users\yasio\Desktop\Taxi\trunk\Taxi\BLL\bin\Debug\BLL.dll" />
      <DeploymentItem filename="C:\Users\yasio\Desktop\Taxi\trunk\Taxi\DAL\bin\Debug\DAL.dll" />
    </Deployment>
    <Execution>
      <TestTypeSpecific>
        <UnitTestRunConfig testTypeId="13cdc9d9-ddb5-4fa4-a97d-d965ccfc6d4b">
          <AssemblyResolution>
            <TestDirectory useLoadContext="true" />
          </AssemblyResolution>
        </UnitTestRunConfig>
        <WebTestRunConfiguration testTypeId="4e7599fa-5ecb-43e9-a887-cd63cf72d207">
          <Browser name="Chrome 2" MaxConnections="6">
            <Headers>
              <Header name="User-Agent" value="Mozilla/5.0 (Windows; U; Windows NT 5.1;) AppleWebKit/530.1 (KHTML, like Gecko) Chrome/2.0.169.1 Safari/530.1" />
              <Header name="Accept" value="*/*" />
              <Header name="Accept-Language" value="{{$IEAcceptLanguage}}" />
              <Header name="Accept-Encoding" value="gzip,deflate" />
              <Header name="Accept-Charset" value="ISO-8859-1,*,utf-8" />
            </Headers>
          </Browser>
        </WebTestRunConfiguration>
      </TestTypeSpecific>
      <AgentRule name="LocalMachineDefaultRole">
      </AgentRule>
    </Execution>
  </TestSettings>
  <Times creation="2011-04-14T04:58:54.1425624+02:00" queuing="2011-04-14T04:58:55.5636437+02:00" start="2011-04-14T04:58:55.7796560+02:00" finish="2011-04-14T04:58:59.2958571+02:00" />
  <ResultSummary outcome="Completed">
    <Counters total="1" executed="1" passed="1" error="0" failed="0" timeout="0" aborted="0" inconclusive="0" passedButRunAborted="0" notRunnable="0" notExecuted="0" disconnected="0" warning="0" completed="0" inProgress="0" pending="0" />
  </ResultSummary>
  <TestDefinitions>
    <UnitTest name="TestMethodAddTaviDriver" storage="c:\users\yasio\desktop\taxi\trunk\taxi\testproject\bin\debug\testproject.dll" id="a5a3703c-77ad-1a20-74ef-2ff82dd80510">
      <Execution id="f0629131-0d29-4f26-beb5-1c64d9372b0f" />
      <TestMethod codeBase="C:/Users/yasio/Desktop/Taxi/trunk/Taxi/TestProject/bin/Debug/TestProject.DLL" adapterTypeName="Microsoft.VisualStudio.TestTools.TestTypes.Unit.UnitTestAdapter, Microsoft.VisualStudio.QualityTools.Tips.UnitTest.Adapter, Version=10.0.0.0, Culture=neutral, PublicKeyToken=b03f5f7f11d50a3a" className="TestProject.UnitTest, TestProject, Version=1.0.0.0, Culture=neutral, PublicKeyToken=null" name="TestMethodAddTaviDriver" />
    </UnitTest>
  </TestDefinitions>
  <TestLists>
    <TestList name="Results Not in a List" id="8c84fa94-04c1-424b-9868-57a2d4851a1d" />
    <TestList name="All Loaded Results" id="19431567-8539-422a-85d7-44ee4e166bda" />
  </TestLists>
  <TestEntries>
    <TestEntry testId="a5a3703c-77ad-1a20-74ef-2ff82dd80510" executionId="f0629131-0d29-4f26-beb5-1c64d9372b0f" testListId="8c84fa94-04c1-424b-9868-57a2d4851a1d" />
  </TestEntries>
  <Results>
    <UnitTestResult executionId="f0629131-0d29-4f26-beb5-1c64d9372b0f" testId="a5a3703c-77ad-1a20-74ef-2ff82dd80510" testName="TestMethodAddTaviDriver" computerName="YASIO-PC" duration="00:00:00.6748882" startTime="2011-04-14T04:58:55.8606606+02:00" endTime="2011-04-14T04:58:57.6897653+02:00" testType="13cdc9d9-ddb5-4fa4-a97d-d965ccfc6d4b" outcome="Passed" testListId="8c84fa94-04c1-424b-9868-57a2d4851a1d" relativeResultsDirectory="f0629131-0d29-4f26-beb5-1c64d9372b0f">
    </UnitTestResult>
  </Results>
</TestRun>