<?xml version="1.0" encoding="UTF-8"?>
<TestRun id="b447eb13-1e80-473d-9055-92c6de5a7a4b" name="yasio@YASIO-PC 2011-04-14 01:10:28" runUser="yasio-PC\yasio" xmlns="http://microsoft.com/schemas/VisualStudio/TeamTest/2010">
  <TestSettings name="Local" id="558906b2-559f-4748-b406-7690e083dfaf">
    <Description>These are default test settings for a local test run.</Description>
    <Deployment enabled="false" runDeploymentRoot="yasio_YASIO-PC 2011-04-14 01_10_28">
      <DeploymentItem filename="C:\Users\yasio\Desktop\Taxi\trunk\Taxi\BLL\bin\Debug\BLL.dll" />
      <DeploymentItem filename="C:\Users\yasio\Desktop\Taxi\trunk\Taxi\DAL\bin\Debug\DAL.dll" />
    </Deployment>
    <Execution>
      <TestTypeSpecific />
      <AgentRule name="Execution Agents">
      </AgentRule>
    </Execution>
  </TestSettings>
  <Times creation="2011-04-14T01:10:28.0716200+02:00" queuing="2011-04-14T01:10:28.1236229+02:00" start="2011-04-14T01:10:28.1376237+02:00" finish="2011-04-14T01:10:28.7526589+02:00" />
  <ResultSummary outcome="Completed">
    <Counters total="1" executed="1" passed="1" error="0" failed="0" timeout="0" aborted="0" inconclusive="0" passedButRunAborted="0" notRunnable="0" notExecuted="0" disconnected="0" warning="0" completed="0" inProgress="0" pending="0" />
  </ResultSummary>
  <TestDefinitions>
    <UnitTest name="TestMethod1" storage="c:\users\yasio\desktop\taxi\trunk\taxi\testproject\bin\debug\testproject.dll" id="24e109b5-ebac-7154-c0d0-91db5c99399f">
      <Execution id="5868b71f-ae3a-4808-9ce1-2e895041e105" />
      <TestMethod codeBase="C:/Users/yasio/Desktop/Taxi/trunk/Taxi/TestProject/bin/Debug/TestProject.DLL" adapterTypeName="Microsoft.VisualStudio.TestTools.TestTypes.Unit.UnitTestAdapter, Microsoft.VisualStudio.QualityTools.Tips.UnitTest.Adapter, Version=10.0.0.0, Culture=neutral, PublicKeyToken=b03f5f7f11d50a3a" className="TestProject.UnitTest1, TestProject, Version=1.0.0.0, Culture=neutral, PublicKeyToken=null" name="TestMethod1" />
    </UnitTest>
  </TestDefinitions>
  <TestLists>
    <TestList name="Results Not in a List" id="8c84fa94-04c1-424b-9868-57a2d4851a1d" />
    <TestList name="All Loaded Results" id="19431567-8539-422a-85d7-44ee4e166bda" />
  </TestLists>
  <TestEntries>
    <TestEntry testId="24e109b5-ebac-7154-c0d0-91db5c99399f" executionId="5868b71f-ae3a-4808-9ce1-2e895041e105" testListId="8c84fa94-04c1-424b-9868-57a2d4851a1d" />
  </TestEntries>
  <Results>
    <UnitTestResult executionId="5868b71f-ae3a-4808-9ce1-2e895041e105" testId="24e109b5-ebac-7154-c0d0-91db5c99399f" testName="TestMethod1" computerName="YASIO-PC" duration="00:00:00.2681088" startTime="2011-04-14T01:10:28.1596250+02:00" endTime="2011-04-14T01:10:28.7166568+02:00" testType="13cdc9d9-ddb5-4fa4-a97d-d965ccfc6d4b" outcome="Passed" testListId="8c84fa94-04c1-424b-9868-57a2d4851a1d" relativeResultsDirectory="5868b71f-ae3a-4808-9ce1-2e895041e105">
    </UnitTestResult>
  </Results>
</TestRun>