<?xml version="1.0" encoding="UTF-8"?>
<TestRun id="fd5dfb37-4d31-4caf-a346-d9a1b88c82c5" name="yasio@YASIO-PC 2011-04-14 04:46:56" runUser="yasio-PC\yasio" xmlns="http://microsoft.com/schemas/VisualStudio/TeamTest/2010">
  <TestSettings name="Local" id="558906b2-559f-4748-b406-7690e083dfaf">
    <Description>These are default test settings for a local test run.</Description>
    <Deployment enabled="false" runDeploymentRoot="yasio_YASIO-PC 2011-04-14 04_46_56">
      <DeploymentItem filename="C:\Users\yasio\Desktop\Taxi\trunk\Taxi\BLL\bin\Debug\BLL.dll" />
      <DeploymentItem filename="C:\Users\yasio\Desktop\Taxi\trunk\Taxi\DAL\bin\Debug\DAL.dll" />
    </Deployment>
    <Execution>
      <TestTypeSpecific>
        <UnitTestRunConfig testTypeId="13cdc9d9-ddb5-4fa4-a97d-d965ccfc6d4b">
          <AssemblyResolution>
            <TestDirectory useLoadContext="true" />
          </AssemblyResolution>
        </UnitTestRunConfig>
        <WebTestRunConfiguration testTypeId="4e7599fa-5ecb-43e9-a887-cd63cf72d207">
          <Browser name="Chrome 2" MaxConnections="6">
            <Headers>
              <Header name="User-Agent" value="Mozilla/5.0 (Windows; U; Windows NT 5.1;) AppleWebKit/530.1 (KHTML, like Gecko) Chrome/2.0.169.1 Safari/530.1" />
              <Header name="Accept" value="*/*" />
              <Header name="Accept-Language" value="{{$IEAcceptLanguage}}" />
              <Header name="Accept-Encoding" value="gzip,deflate" />
              <Header name="Accept-Charset" value="ISO-8859-1,*,utf-8" />
            </Headers>
          </Browser>
        </WebTestRunConfiguration>
      </TestTypeSpecific>
      <AgentRule name="LocalMachineDefaultRole">
      </AgentRule>
    </Execution>
  </TestSettings>
  <Times creation="2011-04-14T04:46:56.3785086+02:00" queuing="2011-04-14T04:46:57.9695996+02:00" start="2011-04-14T04:46:58.2636164+02:00" finish="2011-04-14T04:48:19.3982571+02:00" />
  <ResultSummary outcome="Error">
    <Counters total="2" executed="1" error="0" failed="0" timeout="0" aborted="1" inconclusive="0" passedButRunAborted="0" notRunnable="0" notExecuted="1" disconnected="0" warning="0" passed="0" completed="0" inProgress="0" pending="0" />
    <RunInfos>
      <RunInfo computerName="YASIO-PC" outcome="Error" timestamp="2011-04-14T04:48:19.3892566+02:00">
        <Text>Test host process exited unexpectedly.</Text>
      </RunInfo>
    </RunInfos>
  </ResultSummary>
  <TestDefinitions>
    <UnitTest name="TestMethodAddTaviDriver" storage="c:\users\yasio\desktop\taxi\trunk\taxi\testproject\bin\debug\testproject.dll" id="a5a3703c-77ad-1a20-74ef-2ff82dd80510">
      <Execution id="2fb5fcd5-091b-4d3e-b48b-7e520857baf6" />
      <TestMethod codeBase="C:/Users/yasio/Desktop/Taxi/trunk/Taxi/TestProject/bin/Debug/TestProject.DLL" adapterTypeName="Microsoft.VisualStudio.TestTools.TestTypes.Unit.UnitTestAdapter, Microsoft.VisualStudio.QualityTools.Tips.UnitTest.Adapter, Version=10.0.0.0, Culture=neutral, PublicKeyToken=b03f5f7f11d50a3a" className="TestProject.UnitTest, TestProject, Version=1.0.0.0, Culture=neutral, PublicKeyToken=null" name="TestMethodAddTaviDriver" />
    </UnitTest>
    <UnitTest name="TestMethodGetAllTaxiDrivers" storage="c:\users\yasio\desktop\taxi\trunk\taxi\testproject\bin\debug\testproject.dll" id="ccc4c036-a95a-718b-a11b-ea538f7d224c">
      <Execution id="66167345-2b9f-4a98-9ded-aceaa4750c78" />
      <TestMethod codeBase="C:/Users/yasio/Desktop/Taxi/trunk/Taxi/TestProject/bin/Debug/TestProject.DLL" adapterTypeName="Microsoft.VisualStudio.TestTools.TestTypes.Unit.UnitTestAdapter, Microsoft.VisualStudio.QualityTools.Tips.UnitTest.Adapter, Version=10.0.0.0, Culture=neutral, PublicKeyToken=b03f5f7f11d50a3a" className="TestProject.UnitTest, TestProject, Version=1.0.0.0, Culture=neutral, PublicKeyToken=null" name="TestMethodGetAllTaxiDrivers" />
    </UnitTest>
  </TestDefinitions>
  <TestLists>
    <TestList name="Results Not in a List" id="8c84fa94-04c1-424b-9868-57a2d4851a1d" />
    <TestList name="All Loaded Results" id="19431567-8539-422a-85d7-44ee4e166bda" />
  </TestLists>
  <TestEntries>
    <TestEntry testId="a5a3703c-77ad-1a20-74ef-2ff82dd80510" executionId="2fb5fcd5-091b-4d3e-b48b-7e520857baf6" testListId="8c84fa94-04c1-424b-9868-57a2d4851a1d" />
    <TestEntry testId="ccc4c036-a95a-718b-a11b-ea538f7d224c" executionId="66167345-2b9f-4a98-9ded-aceaa4750c78" testListId="8c84fa94-04c1-424b-9868-57a2d4851a1d" />
  </TestEntries>
  <Results>
    <UnitTestResult executionId="2fb5fcd5-091b-4d3e-b48b-7e520857baf6" testId="a5a3703c-77ad-1a20-74ef-2ff82dd80510" testName="TestMethodAddTaviDriver" computerName="YASIO-PC" duration="00:01:21.0366351" startTime="2011-04-14T04:46:58.3616220+02:00" endTime="2011-04-14T04:48:19.3982571+02:00" testType="13cdc9d9-ddb5-4fa4-a97d-d965ccfc6d4b" outcome="Aborted" testListId="8c84fa94-04c1-424b-9868-57a2d4851a1d" relativeResultsDirectory="2fb5fcd5-091b-4d3e-b48b-7e520857baf6">
    </UnitTestResult>
    <UnitTestResult executionId="66167345-2b9f-4a98-9ded-aceaa4750c78" testId="ccc4c036-a95a-718b-a11b-ea538f7d224c" testName="TestMethodGetAllTaxiDrivers" computerName="YASIO-PC" testType="13cdc9d9-ddb5-4fa4-a97d-d965ccfc6d4b" outcome="NotExecuted" testListId="8c84fa94-04c1-424b-9868-57a2d4851a1d" relativeResultsDirectory="66167345-2b9f-4a98-9ded-aceaa4750c78">
    </UnitTestResult>
  </Results>
</TestRun>